<?xml version="1.0" encoding="UTF-8"?>
<!-- Generated by org.testng.reporters.JUnitReportReporter -->
<testsuite hostname="M0891" name="com.automation.selenium.ProcessStudioWF" tests="2" failures="0" timestamp="19 Jul 2019 06:03:07 GMT" time="16.690" errors="0">
  <testcase name="S017_loginTenantadmin" time="0.851" classname="com.automation.selenium.ProcessStudioWF"/>
  <testcase name="processStudio_WF" time="15.839" classname="com.automation.selenium.ProcessStudioWF"/>
</testsuite> <!-- com.automation.selenium.ProcessStudioWF -->
