<?xml version="1.0" encoding="UTF-8"?>
<!-- Generated by org.testng.reporters.JUnitReportReporter -->
<testsuite hostname="M0891" name="com.automation.selenium.Demo1" tests="1" failures="0" timestamp="20 May 2019 11:57:26 GMT" time="10.967" errors="0">
  <testcase name="TC01" time="10.967" classname="com.automation.selenium.Demo1"/>
</testsuite> <!-- com.automation.selenium.Demo1 -->
