<?xml version="1.0" encoding="UTF-8"?>
<!-- Generated by org.testng.reporters.JUnitReportReporter -->
<testsuite hostname="M0891" name="com.automation.testscript.ProcessStudioWF" tests="5" failures="0" timestamp="30 Jul 2019 12:00:58 GMT" time="205.890" errors="0">
  <testcase name="PS_WF_diverted" time="74.027" classname="com.automation.testscript.ProcessStudioWF"/>
  <testcase name="PS_WF_integer" time="31.938" classname="com.automation.testscript.ProcessStudioWF"/>
  <testcase name="PS_WF_Message" time="68.555" classname="com.automation.testscript.ProcessStudioWF"/>
  <testcase name="S017_loginTenantadmin" time="0.336" classname="com.automation.testscript.ProcessStudioWF"/>
  <testcase name="PS_WF_configRun" time="31.034" classname="com.automation.testscript.ProcessStudioWF"/>
</testsuite> <!-- com.automation.testscript.ProcessStudioWF -->
