<?xml version="1.0" encoding="UTF-8"?>
<!-- Generated by org.testng.reporters.JUnitReportReporter -->
<testsuite hostname="M0891" name="com.automation.testscript.ProcessStudioWF" tests="3" failures="0" timestamp="29 Jul 2019 06:18:31 GMT" time="110.906" errors="0">
  <testcase name="PS_WF_diverted1" time="52.680" classname="com.automation.testscript.ProcessStudioWF"/>
  <testcase name="S017_loginTenantadmin" time="0.232" classname="com.automation.testscript.ProcessStudioWF"/>
  <testcase name="PS_WF_diverted" time="57.994" classname="com.automation.testscript.ProcessStudioWF"/>
</testsuite> <!-- com.automation.testscript.ProcessStudioWF -->
