<?xml version="1.0" encoding="UTF-8"?>
<!-- Generated by org.testng.reporters.JUnitReportReporter -->
<testsuite hostname="M0891" name="com.automation.testscript.AELoginTestScript" tests="1" failures="0" timestamp="23 Jul 2019 12:23:36 GMT" time="0.636" errors="0">
  <testcase name="verifyLogin_S002" time="0.636" classname="com.automation.testscript.AELoginTestScript"/>
</testsuite> <!-- com.automation.testscript.AELoginTestScript -->
