<?xml version="1.0" encoding="UTF-8"?>
<!-- Generated by org.testng.reporters.JUnitReportReporter -->
<testsuite hostname="M0891" name="com.automation.selenium.ProcessStudioWF" tests="2" failures="0" timestamp="11 Jul 2019 13:24:03 GMT" time="2.119" errors="0">
  <testcase name="S017_loginTenantadmin" time="0.412" classname="com.automation.selenium.ProcessStudioWF"/>
  <testcase name="processStudio_WF" time="1.707" classname="com.automation.selenium.ProcessStudioWF"/>
</testsuite> <!-- com.automation.selenium.ProcessStudioWF -->
