<?xml version="1.0" encoding="UTF-8"?>
<!-- Generated by org.testng.reporters.JUnitReportReporter -->
<testsuite hostname="M0776" name="com.automation.testscript.AELoginTestScript" tests="1" failures="0" timestamp="29 Jul 2019 12:44:50 GMT" time="1.320" errors="0">
  <testcase name="verifyLogin_S002" time="1.320" classname="com.automation.testscript.AELoginTestScript"/>
</testsuite> <!-- com.automation.testscript.AELoginTestScript -->
